[0m09:36:36.938025 [debug] [MainThread]: Got an exception trying to initialize tracking


============================== 09:36:36.958821 | 30d87076-ea48-413c-9eb5-aa6ea3d73136 ==============================
[0m09:36:36.958821 [info ] [MainThread]: Running with dbt=1.11.11
[0m09:36:36.959385 [debug] [MainThread]: running dbt with arguments {'target_path': 'None', 'profiles_dir': '/Users/abdulafeez/.dbt', 'use_colors': 'True', 'quiet': 'False', 'warn_error_options': 'WarnErrorOptionsV2(error=[], warn=[], silence=[])', 'send_anonymous_usage_stats': 'True', 'introspect': 'True', 'write_json': 'True', 'invocation_command': 'dbt debug', 'partial_parse': 'True', 'no_print': 'None', 'log_format': 'default', 'printer_width': '80', 'empty': 'None', 'fail_fast': 'False', 'version_check': 'True', 'debug': 'False', 'cache_selected_only': 'False', 'use_experimental_parser': 'False', 'warn_error': 'None', 'static_parser': 'True', 'indirect_selection': 'eager', 'log_path': 'logs', 'log_cache_events': 'False'}
[0m09:36:36.969363 [info ] [MainThread]: dbt version: 1.11.11
[0m09:36:36.969551 [info ] [MainThread]: python version: 3.12.7
[0m09:36:36.969686 [info ] [MainThread]: python path: /opt/anaconda3/bin/python
[0m09:36:36.969815 [info ] [MainThread]: os info: macOS-26.5-arm64-arm-64bit
[0m09:36:36.976954 [error] [MainThread]: Encountered an error:
Failed to import pyodbc: dlopen(/opt/anaconda3/lib/python3.12/site-packages/pyodbc.cpython-312-darwin.so, 0x0002): Library not loaded: /opt/homebrew/opt/unixodbc/lib/libodbc.2.dylib
  Referenced from: <39B29030-F79E-34C1-BFC5-8A70D5AC6FE3> /opt/anaconda3/lib/python3.12/site-packages/pyodbc.cpython-312-darwin.so
  Reason: tried: '/opt/homebrew/opt/unixodbc/lib/libodbc.2.dylib' (no such file), '/System/Volumes/Preboot/Cryptexes/OS/opt/homebrew/opt/unixodbc/lib/libodbc.2.dylib' (no such file), '/opt/homebrew/opt/unixodbc/lib/libodbc.2.dylib' (no such file)

This is commonly caused by a mismatch between the pyodbc wheel and the installed unixODBC library version on macOS Apple Silicon.
To fix, recompile pyodbc against your Homebrew unixODBC:

  export LDFLAGS="-L/opt/homebrew/opt/unixodbc/lib"
  export CPPFLAGS="-I/opt/homebrew/opt/unixodbc/include"
  pip install --force-reinstall --no-binary :all: pyodbc

Alternatively, create a compatibility symlink:

  ln -s /opt/homebrew/opt/unixodbc/lib/libodbc.3.dylib /opt/homebrew/opt/unixodbc/lib/libodbc.2.dylib

See https://github.com/microsoft/dbt-fabric/issues/351 for details.
[0m09:36:36.980339 [error] [MainThread]: Traceback (most recent call last):
  File "/opt/anaconda3/lib/python3.12/site-packages/dbt/adapters/fabric/fabric_connection_manager.py", line 15, in <module>
    import pyodbc
ImportError: dlopen(/opt/anaconda3/lib/python3.12/site-packages/pyodbc.cpython-312-darwin.so, 0x0002): Library not loaded: /opt/homebrew/opt/unixodbc/lib/libodbc.2.dylib
  Referenced from: <39B29030-F79E-34C1-BFC5-8A70D5AC6FE3> /opt/anaconda3/lib/python3.12/site-packages/pyodbc.cpython-312-darwin.so
  Reason: tried: '/opt/homebrew/opt/unixodbc/lib/libodbc.2.dylib' (no such file), '/System/Volumes/Preboot/Cryptexes/OS/opt/homebrew/opt/unixodbc/lib/libodbc.2.dylib' (no such file), '/opt/homebrew/opt/unixodbc/lib/libodbc.2.dylib' (no such file)

The above exception was the direct cause of the following exception:

Traceback (most recent call last):
  File "/opt/anaconda3/lib/python3.12/site-packages/dbt/cli/requires.py", line 182, in wrapper
    result, success = func(*args, **kwargs)
                      ^^^^^^^^^^^^^^^^^^^^^
  File "/opt/anaconda3/lib/python3.12/site-packages/dbt/cli/requires.py", line 128, in wrapper
    return func(*args, **kwargs)
           ^^^^^^^^^^^^^^^^^^^^^
  File "/opt/anaconda3/lib/python3.12/site-packages/dbt/cli/main.py", line 425, in debug
    results = task.run()
              ^^^^^^^^^^
  File "/opt/anaconda3/lib/python3.12/site-packages/dbt/task/debug.py", line 114, in run
    load_profile_status: SubtaskStatus = self._load_profile()
                                         ^^^^^^^^^^^^^^^^^^^^
  File "/opt/anaconda3/lib/python3.12/site-packages/dbt/task/debug.py", line 205, in _load_profile
    profile: Profile = Profile.render(
                       ^^^^^^^^^^^^^^^
  File "/opt/anaconda3/lib/python3.12/site-packages/dbt/config/profile.py", line 404, in render
    return cls.from_raw_profiles(
           ^^^^^^^^^^^^^^^^^^^^^^
  File "/opt/anaconda3/lib/python3.12/site-packages/dbt/config/profile.py", line 370, in from_raw_profiles
    return cls.from_raw_profile_info(
           ^^^^^^^^^^^^^^^^^^^^^^^^^^
  File "/opt/anaconda3/lib/python3.12/site-packages/dbt/config/profile.py", line 326, in from_raw_profile_info
    credentials: Credentials = cls._credentials_from_profile(
                               ^^^^^^^^^^^^^^^^^^^^^^^^^^^^^^
  File "/opt/anaconda3/lib/python3.12/site-packages/dbt/config/profile.py", line 150, in _credentials_from_profile
    cls = load_plugin(typename)
          ^^^^^^^^^^^^^^^^^^^^^
  File "/opt/anaconda3/lib/python3.12/site-packages/dbt/adapters/factory.py", line 239, in load_plugin
    return FACTORY.load_plugin(name)
           ^^^^^^^^^^^^^^^^^^^^^^^^^
  File "/opt/anaconda3/lib/python3.12/site-packages/dbt/adapters/factory.py", line 68, in load_plugin
    mod: Any = import_module("." + name, "dbt.adapters")
               ^^^^^^^^^^^^^^^^^^^^^^^^^^^^^^^^^^^^^^^^^
  File "/opt/anaconda3/lib/python3.12/importlib/__init__.py", line 90, in import_module
    return _bootstrap._gcd_import(name[level:], package, level)
           ^^^^^^^^^^^^^^^^^^^^^^^^^^^^^^^^^^^^^^^^^^^^^^^^^^^^
  File "<frozen importlib._bootstrap>", line 1387, in _gcd_import
  File "<frozen importlib._bootstrap>", line 1360, in _find_and_load
  File "<frozen importlib._bootstrap>", line 1331, in _find_and_load_unlocked
  File "<frozen importlib._bootstrap>", line 935, in _load_unlocked
  File "<frozen importlib._bootstrap_external>", line 995, in exec_module
  File "<frozen importlib._bootstrap>", line 488, in _call_with_frames_removed
  File "/opt/anaconda3/lib/python3.12/site-packages/dbt/adapters/fabric/__init__.py", line 3, in <module>
    from dbt.adapters.fabric.fabric_adapter import FabricAdapter
  File "/opt/anaconda3/lib/python3.12/site-packages/dbt/adapters/fabric/fabric_adapter.py", line 26, in <module>
    from dbt.adapters.fabric.fabric_connection_manager import FabricConnectionManager
  File "/opt/anaconda3/lib/python3.12/site-packages/dbt/adapters/fabric/fabric_connection_manager.py", line 17, in <module>
    raise ImportError(
ImportError: Failed to import pyodbc: dlopen(/opt/anaconda3/lib/python3.12/site-packages/pyodbc.cpython-312-darwin.so, 0x0002): Library not loaded: /opt/homebrew/opt/unixodbc/lib/libodbc.2.dylib
  Referenced from: <39B29030-F79E-34C1-BFC5-8A70D5AC6FE3> /opt/anaconda3/lib/python3.12/site-packages/pyodbc.cpython-312-darwin.so
  Reason: tried: '/opt/homebrew/opt/unixodbc/lib/libodbc.2.dylib' (no such file), '/System/Volumes/Preboot/Cryptexes/OS/opt/homebrew/opt/unixodbc/lib/libodbc.2.dylib' (no such file), '/opt/homebrew/opt/unixodbc/lib/libodbc.2.dylib' (no such file)

This is commonly caused by a mismatch between the pyodbc wheel and the installed unixODBC library version on macOS Apple Silicon.
To fix, recompile pyodbc against your Homebrew unixODBC:

  export LDFLAGS="-L/opt/homebrew/opt/unixodbc/lib"
  export CPPFLAGS="-I/opt/homebrew/opt/unixodbc/include"
  pip install --force-reinstall --no-binary :all: pyodbc

Alternatively, create a compatibility symlink:

  ln -s /opt/homebrew/opt/unixodbc/lib/libodbc.3.dylib /opt/homebrew/opt/unixodbc/lib/libodbc.2.dylib

See https://github.com/microsoft/dbt-fabric/issues/351 for details.

[0m09:36:36.982773 [debug] [MainThread]: Resource report: {"command_name": "debug", "command_success": false, "command_wall_clock_time": 0.07202804, "process_in_blocks": "0", "process_kernel_time": 0.189603, "process_mem_max_rss": "120340480", "process_out_blocks": "0", "process_user_time": 0.641205}
[0m09:36:36.982993 [debug] [MainThread]: Command `dbt debug` failed at 09:36:36.982953 after 0.07 seconds
[0m09:36:36.983144 [debug] [MainThread]: Flushing usage events
[0m09:37:46.477820 [debug] [MainThread]: Got an exception trying to initialize tracking


============================== 09:37:46.499802 | c428988a-be74-4f37-bf29-a346f36cf549 ==============================
[0m09:37:46.499802 [info ] [MainThread]: Running with dbt=1.11.11
[0m09:37:46.500362 [debug] [MainThread]: running dbt with arguments {'send_anonymous_usage_stats': 'True', 'printer_width': '80', 'partial_parse': 'True', 'log_cache_events': 'False', 'introspect': 'True', 'quiet': 'False', 'write_json': 'True', 'profiles_dir': '/Users/abdulafeez/.dbt', 'indirect_selection': 'eager', 'debug': 'False', 'target_path': 'None', 'no_print': 'None', 'version_check': 'True', 'empty': 'None', 'static_parser': 'True', 'cache_selected_only': 'False', 'use_colors': 'True', 'log_path': 'logs', 'invocation_command': 'dbt debug', 'warn_error_options': 'WarnErrorOptionsV2(error=[], warn=[], silence=[])', 'log_format': 'default', 'warn_error': 'None', 'use_experimental_parser': 'False', 'fail_fast': 'False'}
[0m09:37:46.510743 [info ] [MainThread]: dbt version: 1.11.11
[0m09:37:46.510949 [info ] [MainThread]: python version: 3.12.7
[0m09:37:46.511186 [info ] [MainThread]: python path: /opt/anaconda3/bin/python
[0m09:37:46.511365 [info ] [MainThread]: os info: macOS-26.5-arm64-arm-64bit
[0m09:37:46.517972 [error] [MainThread]: Encountered an error:
Failed to import pyodbc: dlopen(/opt/anaconda3/lib/python3.12/site-packages/pyodbc.cpython-312-darwin.so, 0x0002): Library not loaded: /opt/homebrew/opt/unixodbc/lib/libodbc.2.dylib
  Referenced from: <39B29030-F79E-34C1-BFC5-8A70D5AC6FE3> /opt/anaconda3/lib/python3.12/site-packages/pyodbc.cpython-312-darwin.so
  Reason: tried: '/opt/homebrew/opt/unixodbc/lib/libodbc.2.dylib' (no such file), '/System/Volumes/Preboot/Cryptexes/OS/opt/homebrew/opt/unixodbc/lib/libodbc.2.dylib' (no such file), '/opt/homebrew/opt/unixodbc/lib/libodbc.2.dylib' (no such file)

This is commonly caused by a mismatch between the pyodbc wheel and the installed unixODBC library version on macOS Apple Silicon.
To fix, recompile pyodbc against your Homebrew unixODBC:

  export LDFLAGS="-L/opt/homebrew/opt/unixodbc/lib"
  export CPPFLAGS="-I/opt/homebrew/opt/unixodbc/include"
  pip install --force-reinstall --no-binary :all: pyodbc

Alternatively, create a compatibility symlink:

  ln -s /opt/homebrew/opt/unixodbc/lib/libodbc.3.dylib /opt/homebrew/opt/unixodbc/lib/libodbc.2.dylib

See https://github.com/microsoft/dbt-fabric/issues/351 for details.
[0m09:37:46.521353 [error] [MainThread]: Traceback (most recent call last):
  File "/opt/anaconda3/lib/python3.12/site-packages/dbt/adapters/fabric/fabric_connection_manager.py", line 15, in <module>
    import pyodbc
ImportError: dlopen(/opt/anaconda3/lib/python3.12/site-packages/pyodbc.cpython-312-darwin.so, 0x0002): Library not loaded: /opt/homebrew/opt/unixodbc/lib/libodbc.2.dylib
  Referenced from: <39B29030-F79E-34C1-BFC5-8A70D5AC6FE3> /opt/anaconda3/lib/python3.12/site-packages/pyodbc.cpython-312-darwin.so
  Reason: tried: '/opt/homebrew/opt/unixodbc/lib/libodbc.2.dylib' (no such file), '/System/Volumes/Preboot/Cryptexes/OS/opt/homebrew/opt/unixodbc/lib/libodbc.2.dylib' (no such file), '/opt/homebrew/opt/unixodbc/lib/libodbc.2.dylib' (no such file)

The above exception was the direct cause of the following exception:

Traceback (most recent call last):
  File "/opt/anaconda3/lib/python3.12/site-packages/dbt/cli/requires.py", line 182, in wrapper
    result, success = func(*args, **kwargs)
                      ^^^^^^^^^^^^^^^^^^^^^
  File "/opt/anaconda3/lib/python3.12/site-packages/dbt/cli/requires.py", line 128, in wrapper
    return func(*args, **kwargs)
           ^^^^^^^^^^^^^^^^^^^^^
  File "/opt/anaconda3/lib/python3.12/site-packages/dbt/cli/main.py", line 425, in debug
    results = task.run()
              ^^^^^^^^^^
  File "/opt/anaconda3/lib/python3.12/site-packages/dbt/task/debug.py", line 114, in run
    load_profile_status: SubtaskStatus = self._load_profile()
                                         ^^^^^^^^^^^^^^^^^^^^
  File "/opt/anaconda3/lib/python3.12/site-packages/dbt/task/debug.py", line 205, in _load_profile
    profile: Profile = Profile.render(
                       ^^^^^^^^^^^^^^^
  File "/opt/anaconda3/lib/python3.12/site-packages/dbt/config/profile.py", line 404, in render
    return cls.from_raw_profiles(
           ^^^^^^^^^^^^^^^^^^^^^^
  File "/opt/anaconda3/lib/python3.12/site-packages/dbt/config/profile.py", line 370, in from_raw_profiles
    return cls.from_raw_profile_info(
           ^^^^^^^^^^^^^^^^^^^^^^^^^^
  File "/opt/anaconda3/lib/python3.12/site-packages/dbt/config/profile.py", line 326, in from_raw_profile_info
    credentials: Credentials = cls._credentials_from_profile(
                               ^^^^^^^^^^^^^^^^^^^^^^^^^^^^^^
  File "/opt/anaconda3/lib/python3.12/site-packages/dbt/config/profile.py", line 150, in _credentials_from_profile
    cls = load_plugin(typename)
          ^^^^^^^^^^^^^^^^^^^^^
  File "/opt/anaconda3/lib/python3.12/site-packages/dbt/adapters/factory.py", line 239, in load_plugin
    return FACTORY.load_plugin(name)
           ^^^^^^^^^^^^^^^^^^^^^^^^^
  File "/opt/anaconda3/lib/python3.12/site-packages/dbt/adapters/factory.py", line 68, in load_plugin
    mod: Any = import_module("." + name, "dbt.adapters")
               ^^^^^^^^^^^^^^^^^^^^^^^^^^^^^^^^^^^^^^^^^
  File "/opt/anaconda3/lib/python3.12/importlib/__init__.py", line 90, in import_module
    return _bootstrap._gcd_import(name[level:], package, level)
           ^^^^^^^^^^^^^^^^^^^^^^^^^^^^^^^^^^^^^^^^^^^^^^^^^^^^
  File "<frozen importlib._bootstrap>", line 1387, in _gcd_import
  File "<frozen importlib._bootstrap>", line 1360, in _find_and_load
  File "<frozen importlib._bootstrap>", line 1331, in _find_and_load_unlocked
  File "<frozen importlib._bootstrap>", line 935, in _load_unlocked
  File "<frozen importlib._bootstrap_external>", line 995, in exec_module
  File "<frozen importlib._bootstrap>", line 488, in _call_with_frames_removed
  File "/opt/anaconda3/lib/python3.12/site-packages/dbt/adapters/fabric/__init__.py", line 3, in <module>
    from dbt.adapters.fabric.fabric_adapter import FabricAdapter
  File "/opt/anaconda3/lib/python3.12/site-packages/dbt/adapters/fabric/fabric_adapter.py", line 26, in <module>
    from dbt.adapters.fabric.fabric_connection_manager import FabricConnectionManager
  File "/opt/anaconda3/lib/python3.12/site-packages/dbt/adapters/fabric/fabric_connection_manager.py", line 17, in <module>
    raise ImportError(
ImportError: Failed to import pyodbc: dlopen(/opt/anaconda3/lib/python3.12/site-packages/pyodbc.cpython-312-darwin.so, 0x0002): Library not loaded: /opt/homebrew/opt/unixodbc/lib/libodbc.2.dylib
  Referenced from: <39B29030-F79E-34C1-BFC5-8A70D5AC6FE3> /opt/anaconda3/lib/python3.12/site-packages/pyodbc.cpython-312-darwin.so
  Reason: tried: '/opt/homebrew/opt/unixodbc/lib/libodbc.2.dylib' (no such file), '/System/Volumes/Preboot/Cryptexes/OS/opt/homebrew/opt/unixodbc/lib/libodbc.2.dylib' (no such file), '/opt/homebrew/opt/unixodbc/lib/libodbc.2.dylib' (no such file)

This is commonly caused by a mismatch between the pyodbc wheel and the installed unixODBC library version on macOS Apple Silicon.
To fix, recompile pyodbc against your Homebrew unixODBC:

  export LDFLAGS="-L/opt/homebrew/opt/unixodbc/lib"
  export CPPFLAGS="-I/opt/homebrew/opt/unixodbc/include"
  pip install --force-reinstall --no-binary :all: pyodbc

Alternatively, create a compatibility symlink:

  ln -s /opt/homebrew/opt/unixodbc/lib/libodbc.3.dylib /opt/homebrew/opt/unixodbc/lib/libodbc.2.dylib

See https://github.com/microsoft/dbt-fabric/issues/351 for details.

[0m09:37:46.523975 [debug] [MainThread]: Resource report: {"command_name": "debug", "command_success": false, "command_wall_clock_time": 0.069797546, "process_in_blocks": "0", "process_kernel_time": 0.190302, "process_mem_max_rss": "119832576", "process_out_blocks": "0", "process_user_time": 0.625315}
[0m09:37:46.524247 [debug] [MainThread]: Command `dbt debug` failed at 09:37:46.524199 after 0.07 seconds
[0m09:37:46.524443 [debug] [MainThread]: Flushing usage events
[0m09:39:16.977530 [debug] [MainThread]: Got an exception trying to initialize tracking


============================== 09:39:16.995628 | 86b14d97-a867-4bf3-b786-1980f411a3c0 ==============================
[0m09:39:16.995628 [info ] [MainThread]: Running with dbt=1.11.11
[0m09:39:16.996154 [debug] [MainThread]: running dbt with arguments {'fail_fast': 'False', 'no_print': 'None', 'quiet': 'False', 'cache_selected_only': 'False', 'empty': 'None', 'printer_width': '80', 'target_path': 'None', 'use_colors': 'True', 'log_path': 'logs', 'debug': 'False', 'log_cache_events': 'False', 'version_check': 'True', 'write_json': 'True', 'introspect': 'True', 'log_format': 'default', 'warn_error': 'None', 'warn_error_options': 'WarnErrorOptionsV2(error=[], warn=[], silence=[])', 'partial_parse': 'True', 'indirect_selection': 'eager', 'use_experimental_parser': 'False', 'send_anonymous_usage_stats': 'True', 'profiles_dir': '/Users/abdulafeez/.dbt', 'static_parser': 'True', 'invocation_command': 'dbt debug'}
[0m09:39:17.006094 [info ] [MainThread]: dbt version: 1.11.11
[0m09:39:17.006328 [info ] [MainThread]: python version: 3.12.7
[0m09:39:17.006471 [info ] [MainThread]: python path: /opt/anaconda3/bin/python
[0m09:39:17.006600 [info ] [MainThread]: os info: macOS-26.5-arm64-arm-64bit
[0m09:39:19.136399 [info ] [MainThread]: Using profiles dir at /Users/abdulafeez/.dbt
[0m09:39:19.136943 [info ] [MainThread]: Using profiles.yml file at /Users/abdulafeez/.dbt/profiles.yml
[0m09:39:19.137173 [info ] [MainThread]: Using dbt_project.yml file at /Users/abdulafeez/Downloads/Portfolio Projects/DE Projects/nhs-ae-databricks-platform/dbt_project.yml
[0m09:39:19.137363 [info ] [MainThread]: adapter type: fabric
[0m09:39:19.137541 [info ] [MainThread]: adapter version: 1.10.0
[0m09:39:19.137820 [info ] [MainThread]: Configuration:
[0m09:39:19.137988 [info ] [MainThread]:   profiles.yml file [[32mOK found and valid[0m]
[0m09:39:19.138148 [info ] [MainThread]:   dbt_project.yml file [[31mERROR not found[0m]
[0m09:39:19.138318 [info ] [MainThread]: Required dependencies:
[0m09:39:19.138707 [debug] [MainThread]: Executing "git --help"
[0m09:39:19.162464 [debug] [MainThread]: STDOUT: "b"usage: git [-v | --version] [-h | --help] [-C <path>] [-c <name>=<value>]\n           [--exec-path[=<path>]] [--html-path] [--man-path] [--info-path]\n           [-p | --paginate | -P | --no-pager] [--no-replace-objects] [--no-lazy-fetch]\n           [--no-optional-locks] [--no-advice] [--bare] [--git-dir=<path>]\n           [--work-tree=<path>] [--namespace=<name>] [--config-env=<name>=<envvar>]\n           <command> [<args>]\n\nThese are common Git commands used in various situations:\n\nstart a working area (see also: git help tutorial)\n   clone      Clone a repository into a new directory\n   init       Create an empty Git repository or reinitialize an existing one\n\nwork on the current change (see also: git help everyday)\n   add        Add file contents to the index\n   mv         Move or rename a file, a directory, or a symlink\n   restore    Restore working tree files\n   rm         Remove files from the working tree and from the index\n\nexamine the history and state (see also: git help revisions)\n   bisect     Use binary search to find the commit that introduced a bug\n   diff       Show changes between commits, commit and working tree, etc\n   grep       Print lines matching a pattern\n   log        Show commit logs\n   show       Show various types of objects\n   status     Show the working tree status\n\ngrow, mark and tweak your common history\n   backfill   Download missing objects in a partial clone\n   branch     List, create, or delete branches\n   commit     Record changes to the repository\n   merge      Join two or more development histories together\n   rebase     Reapply commits on top of another base tip\n   reset      Reset current HEAD to the specified state\n   switch     Switch branches\n   tag        Create, list, delete or verify a tag object signed with GPG\n\ncollaborate (see also: git help workflows)\n   fetch      Download objects and refs from another repository\n   pull       Fetch from and integrate with another repository or a local branch\n   push       Update remote refs along with associated objects\n\n'git help -a' and 'git help -g' list available subcommands and some\nconcept guides. See 'git help <command>' or 'git help <concept>'\nto read about a specific subcommand or concept.\nSee 'git help git' for an overview of the system.\n""
[0m09:39:19.163815 [debug] [MainThread]: STDERR: "b''"
[0m09:39:19.164072 [info ] [MainThread]:  - git [[32mOK found[0m]

[0m09:39:19.164280 [info ] [MainThread]: Connection:
[0m09:39:19.164493 [info ] [MainThread]:   server: okucfxex7y5etbzxpxyeozxrri-yyfrbrkmuj6enkn6nnjmn3o23y.datawarehouse.fabric.microsoft.com
[0m09:39:19.164628 [info ] [MainThread]:   database: nhs_ae_lakehouse
[0m09:39:19.164753 [info ] [MainThread]:   schema: gold
[0m09:39:19.164888 [info ] [MainThread]:   warehouse_snapshot_name: None
[0m09:39:19.165011 [info ] [MainThread]:   snapshot_timestamp: None
[0m09:39:19.165133 [info ] [MainThread]:   UID: None
[0m09:39:19.165266 [info ] [MainThread]:   workspace_id: None
[0m09:39:19.165385 [info ] [MainThread]:   authentication: CLI
[0m09:39:19.165511 [info ] [MainThread]:   retries: 3
[0m09:39:19.165632 [info ] [MainThread]:   login_timeout: 0
[0m09:39:19.165755 [info ] [MainThread]:   query_timeout: 0
[0m09:39:19.165882 [info ] [MainThread]:   trace_flag: False
[0m09:39:19.166003 [info ] [MainThread]:   encrypt: True
[0m09:39:19.166135 [info ] [MainThread]:   trust_cert: False
[0m09:39:19.166265 [info ] [MainThread]:   api_url: https://api.fabric.microsoft.com/v1
[0m09:39:19.166481 [info ] [MainThread]:   pooling: True
[0m09:39:19.167085 [info ] [MainThread]: Registered adapter: fabric=1.10.0
[0m09:39:19.225030 [debug] [MainThread]: Acquiring new fabric connection 'debug'
[0m09:39:19.225591 [debug] [MainThread]: Using fabric connection "debug"
[0m09:39:19.225734 [debug] [MainThread]: On debug: select 1 as id
[0m09:39:19.225863 [debug] [MainThread]: Opening a new connection, currently in state init
[0m09:39:19.226048 [debug] [MainThread]: fabric adapter: Using connection string: DRIVER={ODBC Driver 18 for SQL Server};SERVER=okucfxex7y5etbzxpxyeozxrri-yyfrbrkmuj6enkn6nnjmn3o23y.datawarehouse.fabric.microsoft.com;Database=nhs_ae_lakehouse;Pooling=true;SQL_ATTR_TRACE=SQL_OPT_TRACE_OFF;encrypt=Yes;TrustServerCertificate=No;APP=dbt-fabric/1.10.0;ConnectRetryCount=3;ConnectRetryInterval=10
[0m09:39:19.226818 [debug] [MainThread]: fabric adapter: Error running SQL: select 1 as id
[0m09:39:19.226950 [debug] [MainThread]: fabric adapter: Rolling back transaction.
[0m09:39:19.227086 [debug] [MainThread]: On debug: No close available on handle
[0m09:39:19.227269 [info ] [MainThread]:   Connection test: [[31mERROR[0m]

[0m09:39:19.227498 [info ] [MainThread]: [31m2 checks failed:[0m
[0m09:39:19.227632 [info ] [MainThread]: Project loading failed for the following reason:
 project path </Users/abdulafeez/Downloads/Portfolio Projects/DE Projects/nhs-ae-databricks-platform/dbt_project.yml> not found

[0m09:39:19.227755 [info ] [MainThread]: dbt was unable to connect to the specified database.
The database returned the following error:

  >Database Error
  Azure CLI not found on path

Check your database credentials and try again. For more information, visit:
https://docs.getdbt.com/docs/configure-your-profile


[0m09:39:19.230768 [debug] [MainThread]: Resource report: {"command_name": "debug", "command_success": false, "command_wall_clock_time": 2.278092, "process_in_blocks": "0", "process_kernel_time": 0.561452, "process_mem_max_rss": "127352832", "process_out_blocks": "0", "process_user_time": 0.932346}
[0m09:39:19.231273 [debug] [MainThread]: Command `dbt debug` failed at 09:39:19.231215 after 2.28 seconds
[0m09:39:19.231467 [debug] [MainThread]: Connection 'debug' was properly closed.
[0m09:39:19.231641 [debug] [MainThread]: Flushing usage events
